<?xml version="1.0" encoding="UTF-8"?>
<!-- Generated by org.testng.reporters.JUnitXMLReporter -->
<testsuite ignored="1" hostname="DESKTOP-JQHDF31" failures="0" tests="5" name="Default test" time="105.748" errors="0" timestamp="2022-11-18T14:31:51 IST">
  <testcase classname="com.testNGflip.FlipkartTestNG" name="browserLaunch" time="85.53"/>
  <testcase classname="com.testNGflip.FlipkartTestNG" name="dismissPopup" time="4.516"/>
  <testcase classname="com.testNGflip.FlipkartTestNG" name="searchProduct" time="1.072"/>
  <testcase classname="com.testNGflip.FlipkartTestNG" name="clickSearchButton" time="0.403"/>
  <testcase classname="com.testNGflip.FlipkartTestNG" name="getTextOfProducts" time="14.114"/>
  <testcase classname="com.testNGflip.FlipkartTestNG" name="takeScreenshot" time="0.0">
    <ignored/>
  </testcase> <!-- takeScreenshot -->
</testsuite> <!-- Default test -->
