<?xml version="1.0" encoding="UTF-8"?>
<!-- Generated by org.testng.reporters.JUnitXMLReporter -->
<testsuite ignored="1" hostname="DESKTOP-JQHDF31" failures="0" tests="5" name="Test" time="71.871" errors="0" timestamp="2022-11-14T14:20:09 IST">
  <testcase classname="com.testNGflip.FlipkartTestNG" name="browserLaunch" time="66.164"/>
  <testcase classname="com.testNGflip.FlipkartTestNG" name="dismissPopup" time="2.718"/>
  <testcase classname="com.testNGflip.FlipkartTestNG" name="searchProduct" time="1.172"/>
  <testcase classname="com.testNGflip.FlipkartTestNG" name="clickSearchButton" time="0.516"/>
  <testcase classname="com.testNGflip.FlipkartTestNG" name="getTextOfProducts" time="1.193"/>
  <testcase classname="com.testNGflip.FlipkartTestNG" name="takeScreenshot" time="0.0">
    <ignored/>
  </testcase> <!-- takeScreenshot -->
</testsuite> <!-- Test -->
